<?xml version="1.0" encoding="UTF-8"?>
<!-- Generated by org.testng.reporters.JUnitReportReporter -->
<testsuite skipped="0" hostname="LAPTOP-3AF0489H" name="basicflow.AppTest" tests="1" failures="0" timestamp="25 Nov 2019 07:30:05 GMT" time="118.041" errors="0">
  <testcase name="FirstTest" time="118.041" classname="basicflow.AppTest"/>
</testsuite> <!-- basicflow.AppTest -->
