<?xml version="1.0" encoding="UTF-8"?>
<!-- Generated by org.testng.reporters.JUnitReportReporter -->
<testsuite skipped="0" hostname="LAPTOP-3AF0489H" name="basicflow.AppTest" tests="1" failures="0" timestamp="25 Nov 2019 06:00:14 GMT" time="123.819" errors="0">
  <testcase name="FirstTest" time="123.819" classname="basicflow.AppTest"/>
</testsuite> <!-- basicflow.AppTest -->
